<?xml version="1.0" encoding="UTF-8"?>
<!-- Generated by org.testng.reporters.JUnitReportReporter -->
<testsuite skipped="0" hostname="DESKTOP-ICNTPQF" name="tests.ProjectsTest" tests="1" failures="0" timestamp="21 Jan 2020 16:22:00 GMT" time="5.890" errors="0">
  <testcase name="delWorskspace" time="5.890" classname="tests.ProjectsTest"/>
</testsuite> <!-- tests.ProjectsTest -->
