<?xml version="1.0" encoding="UTF-8"?>
<!-- Generated by org.testng.reporters.JUnitReportReporter -->
<testsuite skipped="1" hostname="DESKTOP-ICNTPQF" name="tests.LoginTest" tests="2" failures="0" timestamp="24 Jan 2020 07:46:31 GMT" time="8.223" errors="0">
  <testcase name="wrongPw" time="8.223" classname="tests.LoginTest"/>
  <testcase name="login" classname="tests.LoginTest">
    <skipped/>
  </testcase> <!-- login -->
</testsuite> <!-- tests.LoginTest -->
