<?xml version="1.0" encoding="UTF-8"?>
<!-- Generated by org.testng.reporters.JUnitReportReporter -->
<testsuite skipped="0" hostname="DESKTOP-ICNTPQF" name="tests.ProjectsTest" tests="1" failures="0" timestamp="22 Jan 2020 12:36:03 GMT" time="5.669" errors="0">
  <testcase name="delWorskspace" time="5.669" classname="tests.ProjectsTest"/>
</testsuite> <!-- tests.ProjectsTest -->
